INFO Watching for file changes with StatReloader
DEBUG Waiting for apps ready_event.
DEBUG Apps ready_event triggered. Sending autoreload_started signal.
DEBUG Watching dir C:\Users\DELL\Desktop\django-logging\django_logging\core\templates with glob **/*.
DEBUG Watching dir C:\Users\DELL\Desktop\django-logging\django_logging\locale with glob **/*.mo.
DEBUG Watching dir C:\Users\DELL\Desktop\django-logging\django_logging\core\locale with glob **/*.mo.
DEBUG File C:\Users\DELL\Envs\pro\Lib\site-packages\django\utils\timezone.py first seen with mtime 1634140732.0947576
DEBUG File C:\Users\DELL\Envs\pro\Lib\site-packages\django\db\backends\base\validation.py first seen with mtime 1634140730.2223492
DEBUG File C:\Users\DELL\Envs\pro\Lib\site-packages\django\db\models\functions\datetime.py first seen with mtime 1634140731.6992629
DEBUG File C:\Users\DELL\Desktop\python\Lib\ctypes\_endian.py first seen with mtime 1630380924.0
DEBUG File C:\Users\DELL\Envs\pro\Lib\site-packages\asgiref\local.py first seen with mtime 1634140716.8592205
DEBUG File C:\Users\DELL\Envs\pro\Lib\site-packages\django\db\models\functions\mixins.py first seen with mtime 1634140731.6992629
DEBUG File C:\Users\DELL\Envs\pro\Lib\site-packages\django\views\generic\__init__.py first seen with mtime 1634140732.1578116
DEBUG File C:\Users\DELL\Envs\pro\Lib\site-packages\django\utils\dates.py first seen with mtime 1634140732.0357676
DEBUG File C:\Users\DELL\Desktop\python\Lib\_compat_pickle.py first seen with mtime 1630380924.0
DEBUG File C:\Users\DELL\Desktop\python\Lib\html\__init__.py first seen with mtime 1630380924.0
DEBUG File C:\Users\DELL\Envs\pro\Lib\site-packages\django\core\checks\security\sessions.py first seen with mtime 1634140730.041379
DEBUG File C:\Users\DELL\Envs\pro\Lib\site-packages\django\core\checks\translation.py first seen with mtime 1634140730.0312247
DEBUG File C:\Users\DELL\Desktop\python\Lib\email\mime\nonmultipart.py first seen with mtime 1630380924.0
DEBUG File C:\Users\DELL\Desktop\python\Lib\unittest\__init__.py first seen with mtime 1630380926.0
DEBUG File C:\Users\DELL\Envs\pro\Lib\site-packages\django\template\loaders\base.py first seen with mtime 1634140731.942042
DEBUG File C:\Users\DELL\Desktop\python\Lib\socket.py first seen with mtime 1630380926.0
DEBUG File C:\Users\DELL\Envs\pro\Lib\site-packages\django\middleware\__init__.py first seen with mtime 1634140731.8728633
DEBUG File C:\Users\DELL\Desktop\python\Lib\unittest\main.py first seen with mtime 1630380926.0
DEBUG File C:\Users\DELL\Envs\pro\Lib\site-packages\django\contrib\staticfiles\__init__.py first seen with mtime 1634140729.939699
DEBUG File C:\Users\DELL\Envs\pro\Lib\site-packages\django\templatetags\__init__.py first seen with mtime 1634140731.94412
DEBUG File C:\Users\DELL\Desktop\python\Lib\asyncio\protocols.py first seen with mtime 1630380924.0
DEBUG File C:\Users\DELL\Envs\pro\Lib\site-packages\django\contrib\sites\__init__.py first seen with mtime 1634140729.4009466
DEBUG File C:\Users\DELL\Envs\pro\Lib\site-packages\django\db\backends\base\creation.py first seen with mtime 1634140730.204094
DEBUG File C:\Users\DELL\Desktop\python\Lib\urllib\error.py first seen with mtime 1630380926.0
DEBUG File C:\Users\DELL\Envs\pro\Lib\site-packages\pytz\lazy.py first seen with mtime 1634140714.961136
DEBUG File C:\Users\DELL\Desktop\python\Lib\quopri.py first seen with mtime 1630380926.0
DEBUG File C:\Users\DELL\Desktop\python\Lib\email\base64mime.py first seen with mtime 1630380924.0
DEBUG File C:\Users\DELL\Envs\pro\Lib\site-packages\django\core\checks\caches.py first seen with mtime 1634140730.021024
DEBUG File C:\Users\DELL\Envs\pro\Lib\site-packages\django\contrib\auth\models.py first seen with mtime 1634140721.3092697
DEBUG File C:\Users\DELL\Envs\pro\Lib\site-packages\django\core\management\__init__.py first seen with mtime 1634140730.100332
DEBUG File C:\Users\DELL\Envs\pro\Lib\site-packages\django\core\serializers\python.py first seen with mtime 1634140730.1816425
DEBUG File C:\Users\DELL\Envs\pro\Lib\site-packages\django\core\management\commands\runserver.py first seen with mtime 1634140730.1430688
DEBUG File C:\Users\DELL\Desktop\python\Lib\copy.py first seen with mtime 1630380924.0
DEBUG File C:\Users\DELL\Desktop\python\Lib\email\_encoded_words.py first seen with mtime 1630380924.0
DEBUG File C:\Users\DELL\Envs\pro\Lib\site-packages\django\apps\__init__.py first seen with mtime 1634140717.513978
DEBUG File C:\Users\DELL\Desktop\python\Lib\unittest\signals.py first seen with mtime 1630380926.0
DEBUG File C:\Users\DELL\Envs\pro\Lib\site-packages\django\db\migrations\operations\__init__.py first seen with mtime 1634140731.6145828
DEBUG File C:\Users\DELL\Desktop\python\Lib\socketserver.py first seen with mtime 1630380926.0
DEBUG File C:\Users\DELL\Envs\pro\Lib\site-packages\django\contrib\auth\password_validation.py first seen with mtime 1634140721.311345
DEBUG File C:\Users\DELL\Desktop\python\Lib\codecs.py first seen with mtime 1630380924.0
DEBUG File C:\Users\DELL\Envs\pro\Lib\site-packages\django\forms\forms.py first seen with mtime 1634140731.7305157
DEBUG File C:\Users\DELL\Desktop\python\Lib\unittest\util.py first seen with mtime 1630380926.0
DEBUG File C:\Users\DELL\Envs\pro\Lib\site-packages\django\dispatch\__init__.py first seen with mtime 1634140731.714892
DEBUG File C:\Users\DELL\Envs\pro\Lib\site-packages\django\db\backends\sqlite3\features.py first seen with mtime 1634140730.3058171
DEBUG File C:\Users\DELL\Envs\pro\Lib\site-packages\django\core\management\color.py first seen with mtime 1634140730.102402
DEBUG File C:\Users\DELL\Envs\pro\Lib\site-packages\django\conf\__init__.py first seen with mtime 1634140717.5241115
DEBUG File C:\Users\DELL\Envs\pro\Lib\site-packages\django\views\decorators\cache.py first seen with mtime 1634140732.137523
DEBUG File C:\Users\DELL\Envs\pro\Lib\site-packages\django\db\models\fields\reverse_related.py first seen with mtime 1634140731.6927109
DEBUG File C:\Users\DELL\Envs\pro\Lib\site-packages\django\db\models\query.py first seen with mtime 1634140731.6614606
DEBUG File C:\Users\DELL\Envs\pro\Lib\site-packages\django\template\defaultfilters.py first seen with mtime 1634140731.9034276
DEBUG File C:\Users\DELL\Envs\pro\Lib\site-packages\django\urls\conf.py first seen with mtime 1634140731.982715
DEBUG File C:\Users\DELL\Envs\pro\Lib\site-packages\sqlparse\keywords.py first seen with mtime 1634140714.042586
DEBUG File C:\Users\DELL\Desktop\python\Lib\gzip.py first seen with mtime 1630380924.0
DEBUG File C:\Users\DELL\Envs\pro\Lib\site-packages\django\core\checks\__init__.py first seen with mtime 1634140730.01895
DEBUG File C:\Users\DELL\Envs\pro\Lib\site-packages\sqlparse\__init__.py first seen with mtime 1634140714.0204093
DEBUG File C:\Users\DELL\Envs\pro\Lib\site-packages\django\contrib\staticfiles\finders.py first seen with mtime 1634140729.949903
DEBUG File C:\Users\DELL\Desktop\python\Lib\urllib\__init__.py first seen with mtime 1630380926.0
DEBUG File C:\Users\DELL\Desktop\python\Lib\concurrent\futures\_base.py first seen with mtime 1630380924.0
DEBUG File C:\Users\DELL\Envs\pro\Lib\site-packages\django\forms\utils.py first seen with mtime 1634140731.74614
DEBUG File C:\Users\DELL\Envs\pro\Lib\site-packages\django\template\defaulttags.py first seen with mtime 1634140731.9034276
DEBUG File C:\Users\DELL\Envs\pro\Lib\site-packages\django\db\models\expressions.py first seen with mtime 1634140731.6458354
DEBUG File C:\Users\DELL\Desktop\python\Lib\site.py first seen with mtime 1630380926.0
DEBUG File C:\Users\DELL\Desktop\python\Lib\email\header.py first seen with mtime 1630380924.0
DEBUG File C:\Users\DELL\Envs\pro\Lib\site-packages\pytz\tzfile.py first seen with mtime 1634140714.961136
DEBUG File C:\Users\DELL\Envs\pro\Lib\site-packages\django\contrib\admin\options.py first seen with mtime 1634140718.5604649
DEBUG File C:\Users\DELL\Envs\pro\Lib\site-packages\django\db\migrations\migration.py first seen with mtime 1634140731.5611715
DEBUG File C:\Users\DELL\Envs\pro\Lib\site-packages\django\contrib\auth\signals.py first seen with mtime 1634140721.311345
DEBUG File C:\Users\DELL\Desktop\python\Lib\abc.py first seen with mtime 1630380924.0
DEBUG File C:\Users\DELL\Envs\pro\Lib\site-packages\django\contrib\contenttypes\apps.py first seen with mtime 1634140721.9012766
DEBUG File C:\Users\DELL\Envs\pro\Lib\site-packages\django\core\management\base.py first seen with mtime 1634140730.102402
DEBUG File C:\Users\DELL\Envs\pro\Lib\site-packages\django\db\models\fields\related_descriptors.py first seen with mtime 1634140731.677089
DEBUG File C:\Users\DELL\Envs\pro\Lib\site-packages\django\utils\text.py first seen with mtime 1634140732.08456
DEBUG File C:\Users\DELL\Desktop\python\Lib\http\__init__.py first seen with mtime 1630380924.0
DEBUG File C:\Users\DELL\Desktop\python\Lib\encodings\utf_8.py first seen with mtime 1630380924.0
DEBUG File C:\Users\DELL\Desktop\python\Lib\email\quoprimime.py first seen with mtime 1630380924.0
DEBUG File C:\Users\DELL\Envs\pro\Lib\site-packages\django\views\generic\dates.py first seen with mtime 1634140732.1578116
DEBUG File C:\Users\DELL\Desktop\python\Lib\asyncio\subprocess.py first seen with mtime 1630380924.0
DEBUG File C:\Users\DELL\Desktop\python\Lib\heapq.py first seen with mtime 1630380924.0
DEBUG File C:\Users\DELL\Envs\pro\Lib\site-packages\django\http\__init__.py first seen with mtime 1634140731.8627012
DEBUG File C:\Users\DELL\Desktop\python\Lib\posixpath.py first seen with mtime 1630380926.0
DEBUG File C:\Users\DELL\Envs\pro\Lib\site-packages\sqlparse\tokens.py first seen with mtime 1634140714.058212
DEBUG File C:\Users\DELL\Desktop\python\Lib\mimetypes.py first seen with mtime 1630380926.0
DEBUG File C:\Users\DELL\Envs\pro\Lib\site-packages\django\utils\module_loading.py first seen with mtime 1634140732.0744176
DEBUG File C:\Users\DELL\Desktop\python\Lib\unittest\suite.py first seen with mtime 1630380926.0
DEBUG File C:\Users\DELL\Envs\pro\Lib\site-packages\django\templatetags\l10n.py first seen with mtime 1634140731.9542904
DEBUG File C:\Users\DELL\Desktop\python\Lib\stat.py first seen with mtime 1630380926.0
DEBUG File C:\Users\DELL\Envs\pro\Lib\site-packages\django\contrib\sessions\backends\__init__.py first seen with mtime 1634140728.770535
DEBUG File C:\Users\DELL\Desktop\python\Lib\tokenize.py first seen with mtime 1630380926.0
DEBUG File C:\Users\DELL\Desktop\python\Lib\decimal.py first seen with mtime 1630380924.0
DEBUG File C:\Users\DELL\Desktop\python\Lib\concurrent\__init__.py first seen with mtime 1630380924.0
DEBUG File C:\Users\DELL\Envs\pro\Lib\site-packages\django\utils\regex_helper.py first seen with mtime 1634140732.076483
DEBUG File C:\Users\DELL\Envs\pro\Lib\site-packages\django\db\transaction.py first seen with mtime 1634140730.193953
DEBUG File C:\Users\DELL\Envs\pro\Lib\site-packages\django\core\checks\database.py first seen with mtime 1634140730.021024
DEBUG File C:\Users\DELL\Desktop\python\Lib\hashlib.py first seen with mtime 1630380924.0
DEBUG File C:\Users\DELL\Desktop\django-logging\django_logging\core\__init__.py first seen with mtime 1650379992.7495453
DEBUG File C:\Users\DELL\Desktop\python\Lib\fnmatch.py first seen with mtime 1630380924.0
DEBUG File C:\Users\DELL\Envs\pro\Lib\site-packages\django\conf\urls\__init__.py first seen with mtime 1634140718.5300186
DEBUG File C:\Users\DELL\Envs\pro\Lib\site-packages\django\db\models\fields\__init__.py first seen with mtime 1634140731.6614606
DEBUG File C:\Users\DELL\Desktop\python\Lib\importlib\util.py first seen with mtime 1630380924.0
DEBUG File C:\Users\DELL\Desktop\python\Lib\asyncio\exceptions.py first seen with mtime 1630380924.0
DEBUG File C:\Users\DELL\Envs\pro\Lib\site-packages\django\contrib\auth\checks.py first seen with mtime 1634140721.2910469
DEBUG File C:\Users\DELL\Envs\pro\Lib\site-packages\django\contrib\contenttypes\management\__init__.py first seen with mtime 1634140725.2358434
DEBUG File C:\Users\DELL\Envs\pro\Lib\site-packages\sqlparse\formatter.py first seen with mtime 1634140714.042586
DEBUG File C:\Users\DELL\Envs\pro\Lib\site-packages\django\contrib\sessions\__init__.py first seen with mtime 1634140728.760341
DEBUG File C:\Users\DELL\Desktop\python\Lib\datetime.py first seen with mtime 1630380924.0
DEBUG File C:\Users\DELL\Envs\pro\Lib\site-packages\django\utils\termcolors.py first seen with mtime 1634140732.076483
DEBUG File C:\Users\DELL\Envs\pro\Lib\site-packages\django\views\defaults.py first seen with mtime 1634140732.1272695
DEBUG File C:\Users\DELL\Envs\pro\Lib\site-packages\django\core\mail\message.py first seen with mtime 1634140730.0820997
DEBUG File C:\Users\DELL\Desktop\python\Lib\io.py first seen with mtime 1630380924.0
DEBUG File C:\Users\DELL\Envs\pro\Lib\site-packages\django\__init__.py first seen with mtime 1634140717.5119038
DEBUG File C:\Users\DELL\Envs\pro\Lib\site-packages\django\contrib\admin\apps.py first seen with mtime 1634140718.5401585
DEBUG File C:\Users\DELL\Envs\pro\Lib\site-packages\django\contrib\staticfiles\utils.py first seen with mtime 1634140729.9600637
DEBUG File C:\Users\DELL\Envs\pro\Lib\site-packages\django\urls\exceptions.py first seen with mtime 1634140731.9848094
DEBUG File C:\Users\DELL\Envs\pro\Lib\site-packages\django\contrib\auth\forms.py first seen with mtime 1634140721.301192
DEBUG File C:\Users\DELL\Desktop\python\Lib\shutil.py first seen with mtime 1630380926.0
DEBUG File C:\Users\DELL\Envs\pro\Lib\site-packages\asgiref\current_thread_executor.py first seen with mtime 1634140716.8526704
DEBUG File C:\Users\DELL\Envs\pro\Lib\site-packages\django\db\utils.py first seen with mtime 1634140730.193953
DEBUG File C:\Users\DELL\Envs\pro\Lib\site-packages\django\template\exceptions.py first seen with mtime 1634140731.9135997
DEBUG File C:\Users\DELL\Desktop\python\Lib\ctypes\wintypes.py first seen with mtime 1630380924.0
DEBUG File C:\Users\DELL\Envs\pro\Lib\site-packages\django\core\checks\async_checks.py first seen with mtime 1634140730.021024
DEBUG File C:\Users\DELL\Envs\pro\Lib\site-packages\django\utils\tree.py first seen with mtime 1634140732.0968213
DEBUG File C:\Users\DELL\Envs\pro\Lib\site-packages\sqlparse\engine\__init__.py first seen with mtime 1634140714.058212
DEBUG File C:\Users\DELL\Envs\pro\Lib\site-packages\django\db\backends\signals.py first seen with mtime 1634140730.193953
DEBUG File C:\Users\DELL\Envs\pro\Lib\site-packages\django\db\migrations\operations\special.py first seen with mtime 1634140731.6302087
DEBUG File C:\Users\DELL\Envs\pro\Lib\site-packages\django\utils\_os.py first seen with mtime 1634140731.994957
DEBUG File C:\Users\DELL\Desktop\python\Lib\opcode.py first seen with mtime 1630380926.0
DEBUG File C:\Users\DELL\Desktop\python\Lib\dis.py first seen with mtime 1630380924.0
DEBUG File C:\Users\DELL\Envs\pro\Lib\site-packages\django\core\files\move.py first seen with mtime 1634140730.0596268
DEBUG File C:\Users\DELL\Envs\pro\Lib\site-packages\django\contrib\admin\views\autocomplete.py first seen with mtime 1634140720.7581565
DEBUG File C:\Users\DELL\Envs\pro\Lib\site-packages\django\db\migrations\utils.py first seen with mtime 1634140731.6145828
DEBUG File C:\Users\DELL\Desktop\python\Lib\asyncio\base_futures.py first seen with mtime 1630380924.0
DEBUG File C:\Users\DELL\Desktop\python\Lib\contextlib.py first seen with mtime 1630380924.0
DEBUG File C:\Users\DELL\Desktop\python\Lib\threading.py first seen with mtime 1630380926.0
DEBUG File C:\Users\DELL\Desktop\python\Lib\email\headerregistry.py first seen with mtime 1630380924.0
DEBUG File C:\Users\DELL\Desktop\python\Lib\secrets.py first seen with mtime 1630380926.0
DEBUG File C:\Users\DELL\Desktop\python\Lib\selectors.py first seen with mtime 1630380926.0
DEBUG File C:\Users\DELL\Desktop\python\Lib\wsgiref\util.py first seen with mtime 1630380926.0
DEBUG File C:\Users\DELL\Envs\pro\Lib\site-packages\django\urls\resolvers.py first seen with mtime 1634140731.9848094
DEBUG File C:\Users\DELL\Envs\pro\Lib\site-packages\django\forms\__init__.py first seen with mtime 1634140731.7305157
DEBUG File C:\Users\DELL\Envs\pro\Lib\site-packages\django\utils\baseconv.py first seen with mtime 1634140732.023357
DEBUG File C:\Users\DELL\Envs\pro\Lib\site-packages\django\contrib\auth\admin.py first seen with mtime 1634140721.2808754
DEBUG File C:\Users\DELL\Envs\pro\Lib\site-packages\django\db\models\indexes.py first seen with mtime 1634140731.6458354
DEBUG File C:\Users\DELL\Desktop\python\Lib\distutils\version.py first seen with mtime 1630380924.0
DEBUG File C:\Users\DELL\Desktop\python\Lib\urllib\request.py first seen with mtime 1630380926.0
DEBUG File C:\Users\DELL\Envs\pro\Lib\site-packages\django\db\models\enums.py first seen with mtime 1634140731.6458354
DEBUG File C:\Users\DELL\Envs\pro\Lib\site-packages\django\core\signals.py first seen with mtime 1634140729.9905665
DEBUG File C:\Users\DELL\Envs\pro\Lib\site-packages\django\template\loaders\__init__.py first seen with mtime 1634140731.9339664
DEBUG File C:\Users\DELL\Envs\pro\Lib\site-packages\django\contrib\admin\exceptions.py first seen with mtime 1634140718.548243
DEBUG File C:\Users\DELL\Envs\pro\Lib\site-packages\django\db\models\sql\__init__.py first seen with mtime 1634140731.6992629
DEBUG File C:\Users\DELL\Envs\pro\Lib\site-packages\django\contrib\contenttypes\fields.py first seen with mtime 1634140721.9012766
DEBUG File C:\Users\DELL\Desktop\python\DLLs\_ctypes.pyd first seen with mtime 1630381004.0
DEBUG File C:\Users\DELL\Envs\pro\Lib\site-packages\django\contrib\admin\templatetags\admin_urls.py first seen with mtime 1634140720.742529
DEBUG File C:\Users\DELL\Desktop\python\Lib\traceback.py first seen with mtime 1630380926.0
DEBUG File C:\Users\DELL\Desktop\python\Lib\email\mime\base.py first seen with mtime 1630380924.0
DEBUG File C:\Users\DELL\Desktop\python\Lib\asyncio\runners.py first seen with mtime 1630380924.0
DEBUG File C:\Users\DELL\Envs\pro\Lib\site-packages\django\contrib\messages\api.py first seen with mtime 1634140727.2774444
DEBUG File C:\Users\DELL\Desktop\python\Lib\email\encoders.py first seen with mtime 1630380924.0
DEBUG File C:\Users\DELL\Envs\pro\Lib\site-packages\django\http\request.py first seen with mtime 1634140731.8728633
DEBUG File C:\Users\DELL\Envs\pro\Lib\site-packages\django\contrib\staticfiles\apps.py first seen with mtime 1634140729.939699
DEBUG File C:\Users\DELL\Desktop\python\Lib\html\entities.py first seen with mtime 1630380924.0
DEBUG File C:\Users\DELL\Envs\pro\Lib\site-packages\django\views\decorators\csrf.py first seen with mtime 1634140732.145597
DEBUG File C:\Users\DELL\Envs\pro\Lib\site-packages\django\views\decorators\debug.py first seen with mtime 1634140732.1476667
DEBUG File C:\Users\DELL\Desktop\python\Lib\platform.py first seen with mtime 1630380926.0
DEBUG File C:\Users\DELL\Desktop\django-logging\django_logging\core\views.py first seen with mtime 1650399152.554864
DEBUG File C:\Users\DELL\Envs\pro\Lib\site-packages\django\utils\lorem_ipsum.py first seen with mtime 1634140732.0662718
DEBUG File C:\Users\DELL\Desktop\python\Lib\asyncio\events.py first seen with mtime 1630380924.0
DEBUG File C:\Users\DELL\Envs\pro\Lib\site-packages\django\core\checks\messages.py first seen with mtime 1634140730.021024
DEBUG File C:\Users\DELL\Desktop\python\Lib\sqlite3\__init__.py first seen with mtime 1630380926.0
DEBUG File C:\Users\DELL\Desktop\python\Lib\operator.py first seen with mtime 1630380926.0
DEBUG File C:\Users\DELL\Envs\pro\Lib\site-packages\django\contrib\staticfiles\management\__init__.py first seen with mtime 1634140729.9600637
DEBUG File C:\Users\DELL\Envs\pro\Lib\site-packages\sqlparse\filters\others.py first seen with mtime 1634140714.0738387
DEBUG File C:\Users\DELL\Envs\pro\Lib\site-packages\django\db\models\fields\json.py first seen with mtime 1634140731.677089
DEBUG File C:\Users\DELL\Desktop\python\Lib\random.py first seen with mtime 1630380926.0
DEBUG File C:\Users\DELL\Envs\pro\Lib\site-packages\sqlparse\cli.py first seen with mtime 1634140714.0360346
DEBUG File C:\Users\DELL\Desktop\python\Lib\unittest\runner.py first seen with mtime 1630380926.0
DEBUG File C:\Users\DELL\Envs\pro\Lib\site-packages\django\db\backends\sqlite3\__init__.py first seen with mtime 1634140730.295668
DEBUG File C:\Users\DELL\Desktop\python\DLLs\_hashlib.pyd first seen with mtime 1630381002.0
DEBUG File C:\Users\DELL\Desktop\python\Lib\lzma.py first seen with mtime 1630380924.0
DEBUG File C:\Users\DELL\Envs\pro\Lib\site-packages\django\views\decorators\common.py first seen with mtime 1634140732.137523
DEBUG File C:\Users\DELL\Envs\pro\Lib\site-packages\django\db\models\constants.py first seen with mtime 1634140731.6302087
DEBUG File C:\Users\DELL\Envs\pro\Lib\site-packages\django\db\models\constraints.py first seen with mtime 1634140731.6458354
DEBUG File C:\Users\DELL\Desktop\python\Lib\email\feedparser.py first seen with mtime 1630380924.0
DEBUG File C:\Users\DELL\Desktop\python\Lib\string.py first seen with mtime 1630380926.0
DEBUG File C:\Users\DELL\Envs\pro\Lib\site-packages\django\core\checks\model_checks.py first seen with mtime 1634140730.0291545
DEBUG File C:\Users\DELL\Envs\pro\Lib\site-packages\django\core\servers\basehttp.py first seen with mtime 1634140730.183709
DEBUG File C:\Users\DELL\Desktop\python\Lib\wsgiref\headers.py first seen with mtime 1630380926.0
DEBUG File C:\Users\DELL\Envs\pro\Lib\site-packages\django\contrib\admin\templatetags\admin_list.py first seen with mtime 1634140720.742529
DEBUG File C:\Users\DELL\Envs\pro\Lib\site-packages\pytz\tzinfo.py first seen with mtime 1634140714.961136
DEBUG File C:\Users\DELL\Desktop\python\Lib\email\utils.py first seen with mtime 1630380924.0
DEBUG File C:\Users\DELL\Desktop\python\Lib\logging\config.py first seen with mtime 1630380924.0
DEBUG File C:\Users\DELL\Envs\pro\Lib\site-packages\django\core\handlers\exception.py first seen with mtime 1634140730.0719478
DEBUG File C:\Users\DELL\Desktop\python\Lib\asyncio\base_subprocess.py first seen with mtime 1630380924.0
DEBUG File C:\Users\DELL\Envs\pro\Lib\site-packages\django\utils\cache.py first seen with mtime 1634140732.0254254
DEBUG File C:\Users\DELL\Envs\pro\Lib\site-packages\django\core\management\commands\__init__.py first seen with mtime 1634140730.1126316
DEBUG File C:\Users\DELL\Envs\pro\Lib\site-packages\django\utils\encoding.py first seen with mtime 1634140732.0459163
DEBUG File C:\Users\DELL\Desktop\python\Lib\importlib\abc.py first seen with mtime 1630380924.0
DEBUG File C:\Users\DELL\Envs\pro\Lib\site-packages\django\db\models\aggregates.py first seen with mtime 1634140731.6302087
DEBUG File C:\Users\DELL\Desktop\python\Lib\email\generator.py first seen with mtime 1630380924.0
DEBUG File C:\Users\DELL\Envs\pro\Lib\site-packages\django\contrib\admin\templatetags\admin_modify.py first seen with mtime 1634140720.742529
DEBUG File C:\Users\DELL\Desktop\python\Lib\keyword.py first seen with mtime 1630380924.0
DEBUG File C:\Users\DELL\Envs\pro\Lib\site-packages\django\utils\inspect.py first seen with mtime 1634140732.0561292
DEBUG File C:\Users\DELL\Desktop\python\Lib\_compression.py first seen with mtime 1630380924.0
DEBUG File C:\Users\DELL\Desktop\python\Lib\difflib.py first seen with mtime 1630380924.0
DEBUG File C:\Users\DELL\Envs\pro\Lib\site-packages\django\db\models\signals.py first seen with mtime 1634140731.6614606
DEBUG File C:\Users\DELL\Desktop\python\Lib\ssl.py first seen with mtime 1630380926.0
DEBUG File C:\Users\DELL\Envs\pro\Lib\site-packages\django\db\models\deletion.py first seen with mtime 1634140731.6458354
DEBUG File C:\Users\DELL\Desktop\python\Lib\typing.py first seen with mtime 1630380926.0
DEBUG File C:\Users\DELL\Envs\pro\Lib\site-packages\sqlparse\filters\right_margin.py first seen with mtime 1634140714.0738387
DEBUG File C:\Users\DELL\Envs\pro\Lib\site-packages\django\db\backends\utils.py first seen with mtime 1634140730.2020257
DEBUG File C:\Users\DELL\Envs\pro\Lib\site-packages\django\db\models\fields\related_lookups.py first seen with mtime 1634140731.6927109
DEBUG File C:\Users\DELL\Envs\pro\Lib\site-packages\pytz\__init__.py first seen with mtime 1634140714.961136
DEBUG File C:\Users\DELL\Envs\pro\Lib\site-packages\django\db\__init__.py first seen with mtime 1634140730.1918817
DEBUG File C:\Users\DELL\Envs\pro\Lib\site-packages\django\template\backends\django.py first seen with mtime 1634140731.93188
DEBUG File C:\Users\DELL\Desktop\python\Lib\asyncio\base_tasks.py first seen with mtime 1630380924.0
DEBUG File C:\Users\DELL\Envs\pro\Lib\site-packages\django\contrib\messages\constants.py first seen with mtime 1634140727.287663
DEBUG File C:\Users\DELL\Desktop\python\Lib\http\server.py first seen with mtime 1630380924.0
DEBUG File C:\Users\DELL\Envs\pro\Lib\site-packages\django\db\backends\sqlite3\base.py first seen with mtime 1634140730.295668
DEBUG File C:\Users\DELL\Envs\pro\Lib\site-packages\django\contrib\auth\validators.py first seen with mtime 1634140721.3194783
DEBUG File C:\Users\DELL\Envs\pro\Lib\site-packages\django\db\migrations\__init__.py first seen with mtime 1634140731.5299282
DEBUG File C:\Users\DELL\Envs\pro\Lib\site-packages\django\utils\translation\reloader.py first seen with mtime 1634140732.1069653
DEBUG File C:\Users\DELL\Envs\pro\Lib\site-packages\django\utils\topological_sort.py first seen with mtime 1634140732.0968213
DEBUG File C:\Users\DELL\Envs\pro\Lib\site-packages\django\contrib\auth\__init__.py first seen with mtime 1634140721.2808754
DEBUG File C:\Users\DELL\Desktop\python\Lib\linecache.py first seen with mtime 1630380924.0
DEBUG File C:\Users\DELL\Envs\pro\Lib\site-packages\django\template\response.py first seen with mtime 1634140731.9216752
DEBUG File C:\Users\DELL\Desktop\python\Lib\asyncio\streams.py first seen with mtime 1630380924.0
DEBUG File C:\Users\DELL\Envs\pro\Lib\site-packages\sqlparse\engine\statement_splitter.py first seen with mtime 1634140714.058212
DEBUG File C:\Users\DELL\Desktop\python\Lib\_markupbase.py first seen with mtime 1630380924.0
DEBUG File C:\Users\DELL\Desktop\python\Lib\ast.py first seen with mtime 1630380924.0
DEBUG File C:\Users\DELL\Envs\pro\Lib\site-packages\django\db\models\sql\query.py first seen with mtime 1634140731.714892
DEBUG File C:\Users\DELL\Desktop\python\Lib\sre_compile.py first seen with mtime 1630380926.0
DEBUG File C:\Users\DELL\Envs\pro\Lib\site-packages\django\middleware\security.py first seen with mtime 1634140731.8932548
DEBUG File C:\Users\DELL\Envs\pro\Lib\site-packages\sqlparse\filters\__init__.py first seen with mtime 1634140714.058212
DEBUG File C:\Users\DELL\Envs\pro\Lib\site-packages\django\db\backends\sqlite3\schema.py first seen with mtime 1634140730.3058171
DEBUG File C:\Users\DELL\Envs\pro\Lib\site-packages\django\db\backends\base\introspection.py first seen with mtime 1634140730.2142775
DEBUG File C:\Users\DELL\Desktop\python\Lib\encodings\aliases.py first seen with mtime 1630380924.0
DEBUG File C:\Users\DELL\Desktop\django-logging\django_logging\core\apps.py first seen with mtime 1650379992.7182953
DEBUG File C:\Users\DELL\Envs\pro\Lib\site-packages\django\utils\timesince.py first seen with mtime 1634140732.0866275
DEBUG File C:\Users\DELL\Envs\pro\Lib\site-packages\django\utils\dateparse.py first seen with mtime 1634140732.033692
DEBUG File C:\Users\DELL\Desktop\python\Lib\email\parser.py first seen with mtime 1630380924.0
DEBUG File C:\Users\DELL\Envs\pro\Lib\site-packages\sqlparse\exceptions.py first seen with mtime 1634140714.042586
DEBUG File C:\Users\DELL\Envs\pro\Lib\site-packages\django\contrib\auth\tokens.py first seen with mtime 1634140721.311345
DEBUG File C:\Users\DELL\Envs\pro\Lib\site-packages\django\utils\datetime_safe.py first seen with mtime 1634140732.0357676
DEBUG File C:\Users\DELL\Envs\pro\Lib\site-packages\django\contrib\auth\backends.py first seen with mtime 1634140721.2808754
DEBUG File C:\Users\DELL\Desktop\python\Lib\queue.py first seen with mtime 1630380926.0
DEBUG File C:\Users\DELL\Desktop\python\Lib\concurrent\futures\__init__.py first seen with mtime 1630380924.0
DEBUG File C:\Users\DELL\Desktop\python\Lib\importlib\__init__.py first seen with mtime 1630380924.0
DEBUG File C:\Users\DELL\Desktop\python\Lib\unittest\case.py first seen with mtime 1630380926.0
DEBUG File C:\Users\DELL\Envs\pro\Lib\site-packages\django\contrib\sessions\apps.py first seen with mtime 1634140728.760341
DEBUG File C:\Users\DELL\Envs\pro\Lib\site-packages\django\contrib\staticfiles\handlers.py first seen with mtime 1634140729.949903
DEBUG File C:\Users\DELL\Envs\pro\Lib\site-packages\django\utils\deconstruct.py first seen with mtime 1634140732.0357676
DEBUG File C:\Users\DELL\Envs\pro\Lib\site-packages\django\utils\duration.py first seen with mtime 1634140732.0459163
DEBUG File C:\Users\DELL\Envs\pro\Lib\site-packages\django\core\cache\backends\locmem.py first seen with mtime 1634140730.0108676
DEBUG File C:\Users\DELL\Desktop\python\Lib\locale.py first seen with mtime 1630380924.0
DEBUG File C:\Users\DELL\Desktop\python\Lib\asyncio\base_events.py first seen with mtime 1630380924.0
DEBUG File C:\Users\DELL\Desktop\python\DLLs\_uuid.pyd first seen with mtime 1630381002.0
DEBUG File C:\Users\DELL\Envs\pro\Lib\site-packages\django\db\models\query_utils.py first seen with mtime 1634140731.6614606
DEBUG File C:\Users\DELL\Envs\pro\Lib\site-packages\sqlparse\filters\tokens.py first seen with mtime 1634140714.0738387
DEBUG File C:\Users\DELL\Desktop\python\Lib\contextvars.py first seen with mtime 1630380924.0
DEBUG File C:\Users\DELL\Desktop\python\Lib\json\encoder.py first seen with mtime 1630380924.0
DEBUG File C:\Users\DELL\Desktop\python\Lib\_weakrefset.py first seen with mtime 1630380924.0
DEBUG File C:\Users\DELL\Desktop\python\Lib\enum.py first seen with mtime 1630380924.0
DEBUG File C:\Users\DELL\Envs\pro\Lib\site-packages\django\db\models\fields\files.py first seen with mtime 1634140731.677089
DEBUG File C:\Users\DELL\Desktop\python\Lib\asyncio\log.py first seen with mtime 1630380924.0
DEBUG File C:\Users\DELL\Desktop\python\Lib\asyncio\queues.py first seen with mtime 1630380924.0
DEBUG File C:\Users\DELL\Envs\pro\Lib\site-packages\django\utils\datastructures.py first seen with mtime 1634140732.0254254
DEBUG File C:\Users\DELL\Desktop\python\DLLs\_queue.pyd first seen with mtime 1630381002.0
DEBUG File C:\Users\DELL\Envs\pro\Lib\site-packages\django\db\models\fields\mixins.py first seen with mtime 1634140731.677089
DEBUG File C:\Users\DELL\Desktop\python\Lib\ntpath.py first seen with mtime 1630380926.0
DEBUG File C:\Users\DELL\Desktop\python\Lib\hmac.py first seen with mtime 1630380924.0
DEBUG File C:\Users\DELL\Envs\pro\Lib\site-packages\django\template\engine.py first seen with mtime 1634140731.9115248
DEBUG File C:\Users\DELL\Envs\pro\Lib\site-packages\django\core\paginator.py first seen with mtime 1634140729.9884996
DEBUG File C:\Users\DELL\Envs\pro\Lib\site-packages\django\db\migrations\operations\fields.py first seen with mtime 1634140731.6145828
DEBUG File C:\Users\DELL\Envs\pro\Lib\site-packages\django\middleware\cache.py first seen with mtime 1634140731.8728633
DEBUG File C:\Users\DELL\Envs\pro\Lib\site-packages\django\utils\formats.py first seen with mtime 1634140732.0459163
DEBUG File C:\Users\DELL\Desktop\python\Lib\email\__init__.py first seen with mtime 1630380924.0
DEBUG File C:\Users\DELL\Envs\pro\Lib\site-packages\django\templatetags\cache.py first seen with mtime 1634140731.94412
DEBUG File C:\Users\DELL\Envs\pro\Lib\site-packages\django\contrib\staticfiles\views.py first seen with mtime 1634140729.9600637
DEBUG File C:\Users\DELL\Envs\pro\Lib\site-packages\django\db\models\utils.py first seen with mtime 1634140731.6614606
DEBUG File C:\Users\DELL\Desktop\django-logging\django_logging\django_logging\urls.py first seen with mtime 1650389564.1162243
DEBUG File C:\Users\DELL\Desktop\python\Lib\asyncio\tasks.py first seen with mtime 1630380924.0
DEBUG File C:\Users\DELL\Desktop\python\Lib\reprlib.py first seen with mtime 1630380926.0
DEBUG File C:\Users\DELL\Envs\pro\Lib\site-packages\django\apps\config.py first seen with mtime 1634140717.513978
DEBUG File C:\Users\DELL\Desktop\python\Lib\asyncio\coroutines.py first seen with mtime 1630380924.0
DEBUG File C:\Users\DELL\Envs\pro\Lib\site-packages\django\forms\formsets.py first seen with mtime 1634140731.7305157
DEBUG File C:\Users\DELL\Desktop\python\Lib\json\__init__.py first seen with mtime 1630380924.0
DEBUG File C:\Users\DELL\Envs\pro\Lib\site-packages\django\contrib\sites\shortcuts.py first seen with mtime 1634140729.439555
DEBUG File C:\Users\DELL\Envs\pro\Lib\site-packages\django\core\serializers\base.py first seen with mtime 1634140730.1735659
DEBUG File C:\Users\DELL\Envs\pro\Lib\site-packages\django\db\backends\sqlite3\client.py first seen with mtime 1634140730.295668
DEBUG File C:\Users\DELL\Desktop\python\Lib\subprocess.py first seen with mtime 1630380926.0
DEBUG File C:\Users\DELL\Envs\pro\Lib\site-packages\django\contrib\contenttypes\models.py first seen with mtime 1634140721.9296677
DEBUG File C:\Users\DELL\Envs\pro\Lib\site-packages\django\db\backends\__init__.py first seen with mtime 1634140730.193953
DEBUG File C:\Users\DELL\Envs\pro\Lib\site-packages\django\utils\log.py first seen with mtime 1634140732.0662718
DEBUG File C:\Users\DELL\Desktop\python\Lib\asyncio\sslproto.py first seen with mtime 1630380924.0
DEBUG File C:\Users\DELL\Desktop\python\Lib\wsgiref\__init__.py first seen with mtime 1630380926.0
DEBUG File C:\Users\DELL\Envs\pro\Lib\site-packages\django\views\generic\edit.py first seen with mtime 1634140732.1679769
DEBUG File C:\Users\DELL\Desktop\python\Lib\asyncio\constants.py first seen with mtime 1630380924.0
DEBUG File C:\Users\DELL\Desktop\python\DLLs\_ssl.pyd first seen with mtime 1630381004.0
DEBUG File C:\Users\DELL\Envs\pro\Lib\site-packages\django\utils\itercompat.py first seen with mtime 1634140732.0662718
DEBUG File C:\Users\DELL\Desktop\python\Lib\getpass.py first seen with mtime 1630380924.0
DEBUG File C:\Users\DELL\Envs\pro\Lib\site-packages\django\template\loaders\app_directories.py first seen with mtime 1634140731.9339664
DEBUG File C:\Users\DELL\Envs\pro\Lib\site-packages\django\http\multipartparser.py first seen with mtime 1634140731.8728633
DEBUG File C:\Users\DELL\Desktop\python\Lib\email\charset.py first seen with mtime 1630380924.0
DEBUG File C:\Users\DELL\Envs\pro\Lib\site-packages\django\core\files\base.py first seen with mtime 1634140730.0516074
DEBUG File C:\Users\DELL\Desktop\python\DLLs\_socket.pyd first seen with mtime 1630381004.0
DEBUG File C:\Users\DELL\Envs\pro\Lib\site-packages\sqlparse\engine\filter_stack.py first seen with mtime 1634140714.058212
DEBUG File C:\Users\DELL\Envs\pro\Lib\site-packages\django\template\loader.py first seen with mtime 1634140731.9135997
DEBUG File C:\Users\DELL\Desktop\python\Lib\bz2.py first seen with mtime 1630380924.0
DEBUG File C:\Users\DELL\Desktop\python\Lib\email\mime\__init__.py first seen with mtime 1630380924.0
DEBUG File C:\Users\DELL\Desktop\python\Lib\_collections_abc.py first seen with mtime 1630380924.0
DEBUG File C:\Users\DELL\Envs\pro\Lib\site-packages\django\core\validators.py first seen with mtime 1634140729.9905665
DEBUG File C:\Users\DELL\Envs\pro\Lib\site-packages\asgiref\__init__.py first seen with mtime 1634140716.8526704
DEBUG File C:\Users\DELL\Envs\pro\Lib\site-packages\django\core\servers\__init__.py first seen with mtime 1634140730.183709
DEBUG File C:\Users\DELL\Desktop\python\Lib\fractions.py first seen with mtime 1630380924.0
DEBUG File C:\Users\DELL\Envs\pro\Lib\site-packages\django\db\models\fields\proxy.py first seen with mtime 1634140731.677089
DEBUG File C:\Users\DELL\Envs\pro\Lib\site-packages\django\core\__init__.py first seen with mtime 1634140729.9803712
DEBUG File C:\Users\DELL\Envs\pro\Lib\site-packages\django\core\handlers\__init__.py first seen with mtime 1634140730.0719478
DEBUG File C:\Users\DELL\Envs\pro\Lib\site-packages\django\template\library.py first seen with mtime 1634140731.9135997
DEBUG File C:\Users\DELL\Envs\pro\Lib\site-packages\django\templatetags\static.py first seen with mtime 1634140731.9542904
DEBUG File C:\Users\DELL\Envs\pro\Lib\site-packages\django\db\models\functions\window.py first seen with mtime 1634140731.6992629
DEBUG File C:\Users\DELL\Envs\pro\Lib\site-packages\django\views\csrf.py first seen with mtime 1634140732.1171215
DEBUG File C:\Users\DELL\Envs\pro\Lib\site-packages\django\views\debug.py first seen with mtime 1634140732.1272695
DEBUG File C:\Users\DELL\Desktop\python\Lib\distutils\__init__.py first seen with mtime 1630380924.0
DEBUG File C:\Users\DELL\Envs\pro\Lib\site-packages\django\template\loaders\cached.py first seen with mtime 1634140731.94412
DEBUG File C:\Users\DELL\Envs\pro\Lib\site-packages\django\contrib\auth\hashers.py first seen with mtime 1634140721.301192
DEBUG File C:\Users\DELL\Envs\pro\Lib\site-packages\django\core\wsgi.py first seen with mtime 1634140729.9905665
DEBUG File C:\Users\DELL\Envs\pro\Lib\site-packages\django\core\handlers\wsgi.py first seen with mtime 1634140730.0800328
DEBUG File C:\Users\DELL\Envs\pro\Lib\site-packages\django\views\i18n.py first seen with mtime 1634140732.1272695
DEBUG File C:\Users\DELL\Envs\pro\Lib\site-packages\django\utils\version.py first seen with mtime 1634140732.0968213
DEBUG File C:\Users\DELL\Envs\pro\Lib\site-packages\django\contrib\sessions\middleware.py first seen with mtime 1634140728.770535
DEBUG File C:\Users\DELL\Desktop\python\Lib\asyncio\futures.py first seen with mtime 1630380924.0
DEBUG File C:\Users\DELL\Envs\pro\Lib\site-packages\django\db\models\manager.py first seen with mtime 1634140731.6614606
DEBUG File C:\Users\DELL\Desktop\python\Lib\asyncio\format_helpers.py first seen with mtime 1630380924.0
DEBUG File C:\Users\DELL\Envs\pro\Lib\site-packages\django\utils\http.py first seen with mtime 1634140732.0561292
DEBUG File C:\Users\DELL\Envs\pro\Lib\site-packages\django\core\checks\security\csrf.py first seen with mtime 1634140730.041379
DEBUG File C:\Users\DELL\Envs\pro\Lib\site-packages\sqlparse\engine\grouping.py first seen with mtime 1634140714.058212
DEBUG File C:\Users\DELL\Envs\pro\Lib\site-packages\django\contrib\admin\models.py first seen with mtime 1634140718.550318
DEBUG File C:\Users\DELL\Desktop\python\Lib\re.py first seen with mtime 1630380926.0
DEBUG File C:\Users\DELL\Desktop\python\Lib\encodings\cp1252.py first seen with mtime 1630380924.0
DEBUG File C:\Users\DELL\Envs\pro\Lib\site-packages\sqlparse\filters\reindent.py first seen with mtime 1634140714.0738387
DEBUG File C:\Users\DELL\Envs\pro\Lib\site-packages\django\core\files\temp.py first seen with mtime 1634140730.0617585
DEBUG File C:\Users\DELL\Desktop\python\Lib\bisect.py first seen with mtime 1630380924.0
DEBUG File C:\Users\DELL\Envs\pro\Lib\site-packages\django\contrib\admin\widgets.py first seen with mtime 1634140718.5685983
DEBUG File C:\Users\DELL\Desktop\python\Lib\uuid.py first seen with mtime 1630380926.0
DEBUG File C:\Users\DELL\Desktop\django-logging\django_logging\manage.py first seen with mtime 1650379902.7940617
DEBUG File C:\Users\DELL\Desktop\python\Lib\json\decoder.py first seen with mtime 1630380924.0
DEBUG File C:\Users\DELL\Desktop\python\Lib\sqlite3\dbapi2.py first seen with mtime 1630380926.0
DEBUG File C:\Users\DELL\Envs\pro\Lib\site-packages\django\dispatch\dispatcher.py first seen with mtime 1634140731.7305157
DEBUG File C:\Users\DELL\Desktop\python\Lib\base64.py first seen with mtime 1630380924.0
DEBUG File C:\Users\DELL\Desktop\python\Lib\email\mime\multipart.py first seen with mtime 1630380924.0
DEBUG File C:\Users\DELL\Desktop\python\Lib\wsgiref\handlers.py first seen with mtime 1630380926.0
DEBUG File C:\Users\DELL\Desktop\python\Lib\weakref.py first seen with mtime 1630380926.0
DEBUG File C:\Users\DELL\Envs\pro\Lib\site-packages\django\db\backends\base\base.py first seen with mtime 1634140730.204094
DEBUG File C:\Users\DELL\Envs\pro\Lib\site-packages\django\utils\decorators.py first seen with mtime 1634140732.0357676
DEBUG File C:\Users\DELL\Envs\pro\Lib\site-packages\django\core\handlers\base.py first seen with mtime 1634140730.0719478
DEBUG File C:\Users\DELL\Envs\pro\Lib\site-packages\django\db\backends\base\features.py first seen with mtime 1634140730.204094
DEBUG File C:\Users\DELL\Envs\pro\Lib\site-packages\django\urls\base.py first seen with mtime 1634140731.974644
DEBUG File C:\Users\DELL\Desktop\django-logging\django_logging\django_logging\settings.py first seen with mtime 1650402125.4514456
DEBUG File C:\Users\DELL\Desktop\python\Lib\calendar.py first seen with mtime 1630380924.0
DEBUG File C:\Users\DELL\Desktop\python\Lib\email\_policybase.py first seen with mtime 1630380924.0
DEBUG File C:\Users\DELL\Desktop\python\DLLs\_sqlite3.pyd first seen with mtime 1630381002.0
DEBUG File C:\Users\DELL\Envs\pro\Lib\site-packages\django\core\files\utils.py first seen with mtime 1634140730.0698802
DEBUG File C:\Users\DELL\Envs\pro\Lib\site-packages\django\conf\global_settings.py first seen with mtime 1634140717.5241115
DEBUG File C:\Users\DELL\Envs\pro\Lib\site-packages\django\db\backends\sqlite3\operations.py first seen with mtime 1634140730.3058171
DEBUG File C:\Users\DELL\Envs\pro\Lib\site-packages\django\conf\locale\__init__.py first seen with mtime 1634140717.5444095
DEBUG File C:\Users\DELL\Envs\pro\Lib\site-packages\django\views\decorators\__init__.py first seen with mtime 1634140732.137523
DEBUG File C:\Users\DELL\Desktop\python\Lib\email\contentmanager.py first seen with mtime 1630380924.0
DEBUG File C:\Users\DELL\Envs\pro\Lib\site-packages\django\db\models\__init__.py first seen with mtime 1634140731.6302087
DEBUG File C:\Users\DELL\Envs\pro\Lib\site-packages\django\template\base.py first seen with mtime 1634140731.9013295
DEBUG File C:\Users\DELL\Desktop\python\Lib\encodings\latin_1.py first seen with mtime 1630380924.0
DEBUG File C:\Users\DELL\Envs\pro\Lib\site-packages\django\contrib\contenttypes\checks.py first seen with mtime 1634140721.9012766
DEBUG File C:\Users\DELL\Envs\pro\Lib\site-packages\django\core\files\uploadedfile.py first seen with mtime 1634140730.0617585
DEBUG File C:\Users\DELL\Envs\pro\Lib\site-packages\django\forms\renderers.py first seen with mtime 1634140731.74614
DEBUG File C:\Users\DELL\Desktop\python\Lib\unittest\result.py first seen with mtime 1630380926.0
DEBUG File C:\Users\DELL\Envs\pro\Lib\site-packages\django\contrib\staticfiles\management\commands\__init__.py first seen with mtime 1634140729.9681394
DEBUG File C:\Users\DELL\Desktop\python\Lib\os.py first seen with mtime 1630380926.0
DEBUG File C:\Users\DELL\Envs\pro\Lib\site-packages\django\template\backends\base.py first seen with mtime 1634140731.92375
DEBUG File C:\Users\DELL\Desktop\python\Lib\email\iterators.py first seen with mtime 1630380924.0
DEBUG File C:\Users\DELL\Desktop\python\Lib\cgi.py first seen with mtime 1630380924.0
DEBUG File C:\Users\DELL\Envs\pro\Lib\site-packages\django\contrib\auth\apps.py first seen with mtime 1634140721.2808754
DEBUG File C:\Users\DELL\Envs\pro\Lib\site-packages\django\db\backends\base\schema.py first seen with mtime 1634140730.2142775
DEBUG File C:\Users\DELL\Envs\pro\Lib\site-packages\django\shortcuts.py first seen with mtime 1634140717.513978
DEBUG File C:\Users\DELL\Envs\pro\Lib\site-packages\django\apps\registry.py first seen with mtime 1634140717.5220437
DEBUG File C:\Users\DELL\Desktop\python\Lib\struct.py first seen with mtime 1630380926.0
DEBUG File C:\Users\DELL\Envs\pro\Lib\site-packages\django\contrib\admin\decorators.py first seen with mtime 1634140718.5401585
DEBUG File C:\Users\DELL\Desktop\python\Lib\pathlib.py first seen with mtime 1630380926.0
DEBUG File C:\Users\DELL\Desktop\django-logging\django_logging\core\urls.py first seen with mtime 1650390883.6518316
DEBUG File C:\Users\DELL\Envs\pro\Lib\site-packages\django\contrib\contenttypes\forms.py first seen with mtime 1634140721.9215555
DEBUG File C:\Users\DELL\Desktop\python\Lib\sre_constants.py first seen with mtime 1630380926.0
DEBUG File C:\Users\DELL\Desktop\python\DLLs\_lzma.pyd first seen with mtime 1630381002.0
DEBUG File C:\Users\DELL\Envs\pro\Lib\site-packages\django\contrib\admin\views\__init__.py first seen with mtime 1634140720.7581565
DEBUG File C:\Users\DELL\Envs\pro\Lib\site-packages\django\http\cookie.py first seen with mtime 1634140731.8707864
DEBUG File C:\Users\DELL\Envs\pro\Lib\site-packages\django\utils\dateformat.py first seen with mtime 1634140732.0334716
DEBUG File C:\Users\DELL\Envs\pro\Lib\site-packages\django\contrib\staticfiles\management\commands\runserver.py first seen with mtime 1634140729.970214
DEBUG File C:\Users\DELL\Envs\pro\Lib\site-packages\django\core\files\locks.py first seen with mtime 1634140730.0516074
DEBUG File C:\Users\DELL\Envs\pro\Lib\site-packages\django\forms\fields.py first seen with mtime 1634140731.7305157
DEBUG File C:\Users\DELL\Envs\pro\Lib\site-packages\django\core\files\storage.py first seen with mtime 1634140730.0596857
DEBUG File C:\Users\DELL\Desktop\python\Lib\inspect.py first seen with mtime 1630380924.0
DEBUG File C:\Users\DELL\Desktop\python\Lib\email\_parseaddr.py first seen with mtime 1630380924.0
DEBUG File C:\Users\DELL\Desktop\python\Lib\asyncio\transports.py first seen with mtime 1630380924.0
DEBUG File C:\Users\DELL\Desktop\python\Lib\tempfile.py first seen with mtime 1630380926.0
DEBUG File C:\Users\DELL\Desktop\python\Lib\collections\abc.py first seen with mtime 1630380924.0
DEBUG File C:\Users\DELL\Envs\pro\Lib\site-packages\django\contrib\admin\views\main.py first seen with mtime 1634140720.7581565
DEBUG File C:\Users\DELL\Desktop\python\Lib\uu.py first seen with mtime 1630380926.0
DEBUG File C:\Users\DELL\Desktop\python\Lib\asyncio\staggered.py first seen with mtime 1630380924.0
DEBUG File C:\Users\DELL\Envs\pro\Lib\site-packages\django\template\loader_tags.py first seen with mtime 1634140731.9135997
DEBUG File C:\Users\DELL\Envs\pro\Lib\site-packages\django\contrib\messages\__init__.py first seen with mtime 1634140727.2774444
DEBUG File C:\Users\DELL\Envs\pro\Lib\site-packages\django\db\models\functions\math.py first seen with mtime 1634140731.6992629
DEBUG File C:\Users\DELL\Envs\pro\Lib\site-packages\django\core\checks\registry.py first seen with mtime 1634140730.0312247
DEBUG File C:\Users\DELL\Envs\pro\Lib\site-packages\django\middleware\csrf.py first seen with mtime 1634140731.8830304
DEBUG File C:\Users\DELL\Envs\pro\Lib\site-packages\django\utils\connection.py first seen with mtime 1634140732.0254254
DEBUG File C:\Users\DELL\Envs\pro\Lib\site-packages\django\contrib\admin\sites.py first seen with mtime 1634140718.5604649
DEBUG File C:\Users\DELL\Desktop\python\Lib\email\message.py first seen with mtime 1630380924.0
DEBUG File C:\Users\DELL\Envs\pro\Lib\site-packages\django\db\models\base.py first seen with mtime 1634140731.6302087
DEBUG File C:\Users\DELL\Envs\pro\Lib\site-packages\django\templatetags\tz.py first seen with mtime 1634140731.9542904
DEBUG File C:\Users\DELL\Envs\pro\Lib\site-packages\pytz\exceptions.py first seen with mtime 1634140714.961136
DEBUG File C:\Users\DELL\Envs\pro\Lib\site-packages\django\utils\asyncio.py first seen with mtime 1634140731.994957
DEBUG File C:\Users\DELL\Envs\pro\Lib\site-packages\django\db\models\functions\__init__.py first seen with mtime 1634140731.6927109
DEBUG File C:\Users\DELL\Desktop\python\Lib\sre_parse.py first seen with mtime 1630380926.0
DEBUG File C:\Users\DELL\Desktop\django-logging\django_logging\core\admin.py first seen with mtime 1650379992.621391
DEBUG File C:\Users\DELL\Envs\pro\Lib\site-packages\django\db\migrations\operations\models.py first seen with mtime 1634140731.6145828
DEBUG File C:\Users\DELL\Envs\pro\Lib\site-packages\django\templatetags\i18n.py first seen with mtime 1634140731.9522135
DEBUG File C:\Users\DELL\Envs\pro\Lib\site-packages\django\utils\html.py first seen with mtime 1634140732.0561292
DEBUG File C:\Users\DELL\Envs\pro\Lib\site-packages\django\db\models\sql\subqueries.py first seen with mtime 1634140731.714892
DEBUG File C:\Users\DELL\Envs\pro\Lib\site-packages\django\utils\crypto.py first seen with mtime 1634140732.0254254
DEBUG File C:\Users\DELL\Envs\pro\Lib\site-packages\django\contrib\contenttypes\admin.py first seen with mtime 1634140721.8991973
DEBUG File C:\Users\DELL\Envs\pro\Lib\site-packages\django\db\migrations\exceptions.py first seen with mtime 1634140731.545539
DEBUG File C:\Users\DELL\Envs\pro\Lib\site-packages\django\template\context.py first seen with mtime 1634140731.9034276
DEBUG File C:\Users\DELL\Envs\pro\Lib\site-packages\django\contrib\admin\checks.py first seen with mtime 1634140718.5401585
DEBUG File C:\Users\DELL\Envs\pro\Lib\site-packages\django\urls\utils.py first seen with mtime 1634140731.9848094
DEBUG File C:\Users\DELL\Envs\pro\Lib\site-packages\django\utils\deprecation.py first seen with mtime 1634140732.043841
DEBUG File C:\Users\DELL\Envs\pro\Lib\site-packages\django\contrib\sessions\base_session.py first seen with mtime 1634140728.760341
DEBUG File C:\Users\DELL\Envs\pro\Lib\site-packages\django\views\generic\detail.py first seen with mtime 1634140732.1658764
DEBUG File C:\Users\DELL\Envs\pro\Lib\site-packages\django\core\cache\utils.py first seen with mtime 1634140730.000718
DEBUG File C:\Users\DELL\Desktop\python\Lib\asyncio\locks.py first seen with mtime 1630380924.0
DEBUG File C:\Users\DELL\Envs\pro\Lib\site-packages\django\template\utils.py first seen with mtime 1634140731.92375
DEBUG File C:\Users\DELL\Desktop\python\Lib\gettext.py first seen with mtime 1630380924.0
DEBUG File C:\Users\DELL\Envs\pro\Lib\site-packages\django\template\loaders\filesystem.py first seen with mtime 1634140731.94412
DEBUG File C:\Users\DELL\Envs\pro\Lib\site-packages\django\db\backends\base\client.py first seen with mtime 1634140730.204094
DEBUG File C:\Users\DELL\Envs\pro\Lib\site-packages\django\views\static.py first seen with mtime 1634140732.1272695
DEBUG File C:\Users\DELL\Desktop\python\Lib\email\_header_value_parser.py first seen with mtime 1630380924.0
DEBUG File C:\Users\DELL\Desktop\python\Lib\asyncio\threads.py first seen with mtime 1630380924.0
DEBUG File C:\Users\DELL\Envs\pro\Lib\site-packages\django\forms\boundfield.py first seen with mtime 1634140731.7305157
DEBUG File C:\Users\DELL\Envs\pro\Lib\site-packages\django\utils\numberformat.py first seen with mtime 1634140732.076483
DEBUG File C:\Users\DELL\Envs\pro\Lib\site-packages\django\contrib\admin\templatetags\log.py first seen with mtime 1634140720.7581565
DEBUG File C:\Users\DELL\Envs\pro\Lib\site-packages\django\db\backends\ddl_references.py first seen with mtime 1634140730.193953
DEBUG File C:\Users\DELL\Envs\pro\Lib\site-packages\django\core\serializers\__init__.py first seen with mtime 1634140730.1714952
DEBUG File C:\Users\DELL\Desktop\python\Lib\http\cookies.py first seen with mtime 1630380924.0
DEBUG File C:\Users\DELL\Desktop\python\Lib\urllib\parse.py first seen with mtime 1630380926.0
DEBUG File C:\Users\DELL\Envs\pro\Lib\site-packages\django\db\models\sql\where.py first seen with mtime 1634140731.714892
DEBUG File C:\Users\DELL\Desktop\python\Lib\email\mime\message.py first seen with mtime 1630380924.0
DEBUG File C:\Users\DELL\Envs\pro\Lib\site-packages\django\core\checks\templates.py first seen with mtime 1634140730.0312247
DEBUG File C:\Users\DELL\Envs\pro\Lib\site-packages\django\views\generic\base.py first seen with mtime 1634140732.1578116
DEBUG File C:\Users\DELL\Desktop\python\Lib\asyncio\windows_utils.py first seen with mtime 1630380924.0
DEBUG File C:\Users\DELL\Envs\pro\Lib\site-packages\django\db\models\lookups.py first seen with mtime 1634140731.6614606
DEBUG File C:\Users\DELL\Desktop\python\Lib\email\mime\text.py first seen with mtime 1630380924.0
DEBUG File C:\Users\DELL\Envs\pro\Lib\site-packages\django\utils\safestring.py first seen with mtime 1634140732.076483
DEBUG File C:\Users\DELL\Desktop\python\Lib\_sitebuiltins.py first seen with mtime 1630380924.0
DEBUG File C:\Users\DELL\Desktop\python\Lib\genericpath.py first seen with mtime 1630380924.0
DEBUG File C:\Users\DELL\Envs\pro\Lib\site-packages\django\core\files\__init__.py first seen with mtime 1634140730.041379
DEBUG File C:\Users\DELL\Envs\pro\Lib\site-packages\django\contrib\admin\helpers.py first seen with mtime 1634140718.550318
DEBUG File C:\Users\DELL\Desktop\python\DLLs\select.pyd first seen with mtime 1630381002.0
DEBUG File C:\Users\DELL\Envs\pro\Lib\site-packages\django\db\migrations\state.py first seen with mtime 1634140731.6145828
DEBUG File C:\Users\DELL\Desktop\python\Lib\collections\__init__.py first seen with mtime 1630380924.0
DEBUG File C:\Users\DELL\Envs\pro\Lib\site-packages\django\contrib\auth\middleware.py first seen with mtime 1634140721.301192
DEBUG File C:\Users\DELL\Envs\pro\Lib\site-packages\django\contrib\admin\utils.py first seen with mtime 1634140718.5604649
DEBUG File C:\Users\DELL\Envs\pro\Lib\site-packages\django\utils\functional.py first seen with mtime 1634140732.0540528
DEBUG File C:\Users\DELL\Desktop\python\Lib\importlib\machinery.py first seen with mtime 1630380924.0
DEBUG File C:\Users\DELL\Envs\pro\Lib\site-packages\django\db\models\options.py first seen with mtime 1634140731.6614606
DEBUG File C:\Users\DELL\Envs\pro\Lib\site-packages\django\contrib\auth\base_user.py first seen with mtime 1634140721.2889652
DEBUG File C:\Users\DELL\Envs\pro\Lib\site-packages\django\db\backends\sqlite3\creation.py first seen with mtime 1634140730.295668
DEBUG File C:\Users\DELL\Envs\pro\Lib\site-packages\django\db\models\functions\comparison.py first seen with mtime 1634140731.6992629
DEBUG File C:\Users\DELL\Envs\pro\Lib\site-packages\django\core\signing.py first seen with mtime 1634140729.9905665
DEBUG File C:\Users\DELL\Envs\pro\Lib\site-packages\django\contrib\admin\actions.py first seen with mtime 1634140718.5401585
DEBUG File C:\Users\DELL\Desktop\python\Lib\ctypes\__init__.py first seen with mtime 1630380924.0
DEBUG File C:\Users\DELL\Envs\pro\Lib\site-packages\django\db\migrations\operations\base.py first seen with mtime 1634140731.6145828
DEBUG File C:\Users\DELL\Envs\pro\Lib\site-packages\django\contrib\admin\templatetags\__init__.py first seen with mtime 1634140720.742529
DEBUG File C:\Users\DELL\Desktop\python\Lib\signal.py first seen with mtime 1630380926.0
DEBUG File C:\Users\DELL\Desktop\python\DLLs\unicodedata.pyd first seen with mtime 1630381004.0
DEBUG File C:\Users\DELL\Desktop\django-logging\django_logging\core\models.py first seen with mtime 1650379992.7182953
DEBUG File C:\Users\DELL\Envs\pro\Lib\site-packages\django\contrib\staticfiles\checks.py first seen with mtime 1634140729.949903
DEBUG File C:\Users\DELL\Desktop\python\DLLs\_asyncio.pyd first seen with mtime 1630381002.0
DEBUG File C:\Users\DELL\Desktop\python\Lib\token.py first seen with mtime 1630380926.0
DEBUG File C:\Users\DELL\Desktop\python\Lib\concurrent\futures\thread.py first seen with mtime 1630380924.0
DEBUG File C:\Users\DELL\Desktop\python\Lib\pprint.py first seen with mtime 1630380926.0
DEBUG File C:\Users\DELL\Envs\pro\Lib\site-packages\django\core\files\images.py first seen with mtime 1634140730.0516074
DEBUG File C:\Users\DELL\Envs\pro\Lib\site-packages\django\db\models\fields\related.py first seen with mtime 1634140731.677089
DEBUG File C:\Users\DELL\Envs\pro\Lib\site-packages\sqlparse\filters\aligned_indent.py first seen with mtime 1634140714.0738387
DEBUG File C:\Users\DELL\Desktop\python\Lib\argparse.py first seen with mtime 1630380924.0
DEBUG File C:\Users\DELL\Desktop\python\Lib\numbers.py first seen with mtime 1630380926.0
DEBUG File C:\Users\DELL\Envs\pro\Lib\site-packages\django\template\autoreload.py first seen with mtime 1634140731.8932548
DEBUG File C:\Users\DELL\Envs\pro\Lib\site-packages\django\core\mail\utils.py first seen with mtime 1634140730.0820997
DEBUG File C:\Users\DELL\Envs\pro\Lib\site-packages\django\utils\autoreload.py first seen with mtime 1634140732.0152822
DEBUG File C:\Users\DELL\Desktop\python\Lib\asyncio\__init__.py first seen with mtime 1630380924.0
DEBUG File C:\Users\DELL\Envs\pro\Lib\site-packages\django\contrib\sessions\models.py first seen with mtime 1634140728.770535
DEBUG File C:\Users\DELL\Desktop\python\Lib\email\policy.py first seen with mtime 1630380924.0
DEBUG File C:\Users\DELL\Desktop\python\Lib\json\scanner.py first seen with mtime 1630380924.0
DEBUG File C:\Users\DELL\Envs\pro\Lib\site-packages\_virtualenv.py first seen with mtime 1634140632.5049644
DEBUG File C:\Users\DELL\Desktop\python\Lib\asyncio\proactor_events.py first seen with mtime 1630380924.0
DEBUG File C:\Users\DELL\Envs\pro\Lib\site-packages\django\db\models\sql\datastructures.py first seen with mtime 1634140731.714892
DEBUG File C:\Users\DELL\Desktop\python\Lib\warnings.py first seen with mtime 1630380926.0
DEBUG File C:\Users\DELL\Desktop\python\Lib\_bootlocale.py first seen with mtime 1630380924.0
DEBUG File C:\Users\DELL\Desktop\python\Lib\types.py first seen with mtime 1630380926.0
DEBUG File C:\Users\DELL\Envs\pro\Lib\site-packages\django\contrib\contenttypes\__init__.py first seen with mtime 1634140721.89113
DEBUG File C:\Users\DELL\Desktop\python\DLLs\_decimal.pyd first seen with mtime 1630381004.0
DEBUG File C:\Users\DELL\Envs\pro\Lib\site-packages\django\db\backends\base\__init__.py first seen with mtime 1634140730.2020257
DEBUG File C:\Users\DELL\Envs\pro\Lib\site-packages\django\template\smartif.py first seen with mtime 1634140731.92375
DEBUG File C:\Users\DELL\Desktop\python\Lib\functools.py first seen with mtime 1630380924.0
DEBUG File C:\Users\DELL\Envs\pro\Lib\site-packages\django\db\backends\base\operations.py first seen with mtime 1634140730.2142775
DEBUG File C:\Users\DELL\Desktop\python\Lib\asyncio\selector_events.py first seen with mtime 1630380924.0
DEBUG File C:\Users\DELL\Envs\pro\Lib\site-packages\django\urls\__init__.py first seen with mtime 1634140731.974644
DEBUG File C:\Users\DELL\Envs\pro\Lib\site-packages\django\db\backends\sqlite3\introspection.py first seen with mtime 1634140730.3058171
DEBUG File C:\Users\DELL\Envs\pro\Lib\site-packages\django\urls\converters.py first seen with mtime 1634140731.9848094
DEBUG File C:\Users\DELL\Desktop\python\Lib\pkgutil.py first seen with mtime 1630380926.0
DEBUG File C:\Users\DELL\Envs\pro\Lib\site-packages\django\contrib\auth\management\__init__.py first seen with mtime 1634140721.8504226
DEBUG File C:\Users\DELL\Envs\pro\Lib\site-packages\django\contrib\admin\templatetags\base.py first seen with mtime 1634140720.742529
DEBUG File C:\Users\DELL\Envs\pro\Lib\site-packages\django\core\cache\__init__.py first seen with mtime 1634140729.9986422
DEBUG File C:\Users\DELL\Envs\pro\Lib\site-packages\asgiref\sync.py first seen with mtime 1634140716.8592205
DEBUG File C:\Users\DELL\Envs\pro\Lib\site-packages\django\template\__init__.py first seen with mtime 1634140731.8932548
DEBUG File C:\Users\DELL\Envs\pro\Lib\site-packages\sqlparse\filters\output.py first seen with mtime 1634140714.0738387
DEBUG File C:\Users\DELL\Envs\pro\Lib\site-packages\django\core\exceptions.py first seen with mtime 1634140729.9803712
DEBUG File C:\Users\DELL\Envs\pro\Lib\site-packages\django\utils\__init__.py first seen with mtime 1634140731.9928896
DEBUG File C:\Users\DELL\Desktop\python\Lib\email\errors.py first seen with mtime 1630380924.0
DEBUG File C:\Users\DELL\Envs\pro\Lib\site-packages\django\core\serializers\json.py first seen with mtime 1634140730.1735659
DEBUG File C:\Users\DELL\Desktop\python\DLLs\_bz2.pyd first seen with mtime 1630381002.0
DEBUG File C:\Users\DELL\Envs\pro\Lib\site-packages\django\template\backends\__init__.py first seen with mtime 1634140731.92375
DEBUG File C:\Users\DELL\Envs\pro\Lib\site-packages\django\views\__init__.py first seen with mtime 1634140732.1171215
DEBUG File C:\Users\DELL\Desktop\python\Lib\logging\__init__.py first seen with mtime 1630380924.0
DEBUG File C:\Users\DELL\Envs\pro\Lib\site-packages\django\forms\models.py first seen with mtime 1634140731.74614
DEBUG File C:\Users\DELL\Desktop\python\Lib\ipaddress.py first seen with mtime 1630380924.0
DEBUG File C:\Users\DELL\Envs\pro\Lib\site-packages\django\core\handlers\asgi.py first seen with mtime 1634140730.0719478
DEBUG File C:\Users\DELL\Envs\pro\Lib\site-packages\django\core\checks\urls.py first seen with mtime 1634140730.0312247
DEBUG File C:\Users\DELL\Envs\pro\Lib\site-packages\django\db\migrations\operations\utils.py first seen with mtime 1634140731.6302087
DEBUG File C:\Users\DELL\Envs\pro\Lib\site-packages\django\forms\widgets.py first seen with mtime 1634140731.74614
DEBUG File C:\Users\DELL\Envs\pro\Lib\site-packages\django\core\cache\backends\filebased.py first seen with mtime 1634140730.0108676
DEBUG File C:\Users\DELL\Envs\pro\Lib\site-packages\django\core\files\uploadhandler.py first seen with mtime 1634140730.0617585
DEBUG File C:\Users\DELL\Envs\pro\Lib\site-packages\django\core\cache\backends\__init__.py first seen with mtime 1634140730.000718
DEBUG File C:\Users\DELL\Envs\pro\Lib\site-packages\django\core\checks\security\__init__.py first seen with mtime 1634140730.0393012
DEBUG File C:\Users\DELL\Desktop\python\Lib\urllib\response.py first seen with mtime 1630380926.0
DEBUG File C:\Users\DELL\Envs\pro\Lib\site-packages\django\utils\hashable.py first seen with mtime 1634140732.0561292
DEBUG File C:\Users\DELL\Desktop\python\Lib\asyncio\trsock.py first seen with mtime 1630380924.0
DEBUG File C:\Users\DELL\Envs\pro\Lib\site-packages\django\utils\ipv6.py first seen with mtime 1634140732.0641928
DEBUG File C:\Users\DELL\Desktop\python\Lib\encodings\__init__.py first seen with mtime 1630380924.0
DEBUG File C:\Users\DELL\Envs\pro\Lib\site-packages\django\db\models\functions\text.py first seen with mtime 1634140731.6992629
DEBUG File C:\Users\DELL\Envs\pro\Lib\site-packages\django\contrib\admin\__init__.py first seen with mtime 1634140718.5380893
DEBUG File C:\Users\DELL\Envs\pro\Lib\site-packages\sqlparse\utils.py first seen with mtime 1634140714.058212
DEBUG File C:\Users\DELL\Envs\pro\Lib\site-packages\django\contrib\messages\apps.py first seen with mtime 1634140727.2855854
DEBUG File C:\Users\DELL\Envs\pro\Lib\site-packages\sqlparse\lexer.py first seen with mtime 1634140714.042586
DEBUG File C:\Users\DELL\Desktop\python\Lib\html\parser.py first seen with mtime 1630380924.0
DEBUG File C:\Users\DELL\Envs\pro\Lib\site-packages\django\contrib\admin\filters.py first seen with mtime 1634140718.550318
DEBUG File C:\Users\DELL\Desktop\python\Lib\pickle.py first seen with mtime 1630380926.0
DEBUG File C:\Users\DELL\Envs\pro\Lib\site-packages\django\db\models\sql\constants.py first seen with mtime 1634140731.6992629
DEBUG File C:\Users\DELL\Envs\pro\Lib\site-packages\django\http\response.py first seen with mtime 1634140731.8728633
DEBUG File C:\Users\DELL\Desktop\python\Lib\nturl2path.py first seen with mtime 1630380926.0
DEBUG File C:\Users\DELL\Envs\pro\Lib\site-packages\django\utils\translation\trans_real.py first seen with mtime 1634140732.1171215
DEBUG File C:\Users\DELL\Envs\pro\Lib\site-packages\django\utils\translation\__init__.py first seen with mtime 1634140732.1048973
DEBUG File C:\Users\DELL\Desktop\python\Lib\statistics.py first seen with mtime 1630380926.0
DEBUG File C:\Users\DELL\Envs\pro\Lib\site-packages\asgiref\compatibility.py first seen with mtime 1634140716.8526704
DEBUG File C:\Users\DELL\Envs\pro\Lib\site-packages\django\contrib\__init__.py first seen with mtime 1634140718.5300186
DEBUG File C:\Users\DELL\Desktop\python\DLLs\_overlapped.pyd first seen with mtime 1630381002.0
DEBUG File C:\Users\DELL\Envs\pro\Lib\site-packages\django\core\mail\__init__.py first seen with mtime 1634140730.0820997
DEBUG File C:\Users\DELL\Envs\pro\Lib\site-packages\sqlparse\sql.py first seen with mtime 1634140714.058212
DEBUG File C:\Users\DELL\Desktop\django-logging\django_logging\django_logging\__init__.py first seen with mtime 1650379902.8878028
DEBUG File C:\Users\DELL\Desktop\python\Lib\glob.py first seen with mtime 1630380924.0
DEBUG File C:\Users\DELL\Desktop\python\Lib\asyncio\windows_events.py first seen with mtime 1630380924.0
DEBUG File C:\Users\DELL\Envs\pro\Lib\site-packages\django\contrib\messages\storage\__init__.py first seen with mtime 1634140727.2978063
DEBUG File C:\Users\DELL\Envs\pro\Lib\site-packages\django\views\generic\list.py first seen with mtime 1634140732.1679769
DEBUG File C:\Users\DELL\Desktop\python\Lib\unittest\loader.py first seen with mtime 1630380926.0
DEBUG File C:\Users\DELL\Envs\pro\Lib\site-packages\django\contrib\contenttypes\views.py first seen with mtime 1634140721.9317389
DEBUG File C:\Users\DELL\Envs\pro\Lib\site-packages\django\core\cache\backends\base.py first seen with mtime 1634140730.000718
DEBUG File C:\Users\DELL\Envs\pro\Lib\site-packages\django\core\checks\security\base.py first seen with mtime 1634140730.041379
DEBUG File C:\Users\DELL\Desktop\python\Lib\copyreg.py first seen with mtime 1630380924.0
DEBUG File C:\Users\DELL\Desktop\python\Lib\logging\handlers.py first seen with mtime 1630380924.0
DEBUG File C:\Users\DELL\Desktop\python\Lib\http\client.py first seen with mtime 1630380924.0
DEBUG File C:\Users\DELL\Desktop\python\Lib\wsgiref\simple_server.py first seen with mtime 1630380926.0
DEBUG File C:\Users\DELL\Desktop\django-logging\django_logging\core\templates\index.html first seen with mtime 1650390813.67
DEBUG File C:\Users\DELL\Desktop\django-logging\django_logging\django_logging\wsgi.py first seen with mtime 1650379902.8878028
DEBUG File C:\Users\DELL\Envs\pro\Lib\site-packages\django\contrib\auth\migrations\0006_require_contenttypes_0002.py first seen with mtime 1634140721.8707256
DEBUG File C:\Users\DELL\Envs\pro\Lib\site-packages\django\contrib\auth\migrations\0002_alter_permission_name_max_length.py first seen with mtime 1634140721.8605776
DEBUG File C:\Users\DELL\Envs\pro\Lib\site-packages\django\db\migrations\loader.py first seen with mtime 1634140731.5611715
DEBUG File C:\Users\DELL\Envs\pro\Lib\site-packages\django\contrib\auth\migrations\0009_alter_user_last_name_max_length.py first seen with mtime 1634140721.878743
DEBUG File C:\Users\DELL\Envs\pro\Lib\site-packages\django\contrib\auth\migrations\0011_update_proxy_permissions.py first seen with mtime 1634140721.8808756
DEBUG File C:\Users\DELL\Desktop\python\Lib\encodings\idna.py first seen with mtime 1630380924.0
DEBUG File C:\Users\DELL\Envs\pro\Lib\site-packages\django\db\migrations\graph.py first seen with mtime 1634140731.5611715
DEBUG File C:\Users\DELL\Envs\pro\Lib\site-packages\django\contrib\auth\migrations\0007_alter_validators_add_error_messages.py first seen with mtime 1634140721.8707256
DEBUG File C:\Users\DELL\Envs\pro\Lib\site-packages\django\contrib\sessions\backends\db.py first seen with mtime 1634140728.7806838
DEBUG File C:\Users\DELL\Envs\pro\Lib\site-packages\django\contrib\auth\migrations\0008_alter_user_username_max_length.py first seen with mtime 1634140721.8707256
DEBUG File C:\Users\DELL\Envs\pro\Lib\site-packages\django\contrib\admin\migrations\__init__.py first seen with mtime 1634140719.717185
DEBUG File C:\Users\DELL\Envs\pro\Lib\site-packages\django\contrib\sessions\migrations\0001_initial.py first seen with mtime 1634140729.3704617
DEBUG File C:\Users\DELL\Envs\pro\Lib\site-packages\django\contrib\sessions\backends\base.py first seen with mtime 1634140728.770535
DEBUG File C:\Users\DELL\Envs\pro\Lib\site-packages\django\contrib\contenttypes\migrations\0001_initial.py first seen with mtime 1634140725.266313
DEBUG File C:\Users\DELL\Envs\pro\Lib\site-packages\django\contrib\admin\migrations\0003_logentry_add_action_flag_choices.py first seen with mtime 1634140719.717185
DEBUG File C:\Users\DELL\Envs\pro\Lib\site-packages\django\contrib\auth\migrations\0004_alter_user_username_opts.py first seen with mtime 1634140721.8686616
DEBUG File C:\Users\DELL\Envs\pro\Lib\site-packages\django\contrib\auth\migrations\__init__.py first seen with mtime 1634140721.8808756
DEBUG File C:\Users\DELL\Envs\pro\Lib\site-packages\django\contrib\messages\middleware.py first seen with mtime 1634140727.287663
DEBUG File C:\Users\DELL\Desktop\django-logging\django_logging\core\migrations\__init__.py first seen with mtime 1650379992.7495453
DEBUG File C:\Users\DELL\Envs\pro\Lib\site-packages\django\db\models\sql\compiler.py first seen with mtime 1634140731.6992629
DEBUG File C:\Users\DELL\Envs\pro\Lib\site-packages\django\contrib\auth\migrations\0012_alter_user_first_name_max_length.py first seen with mtime 1634140721.8808756
DEBUG File C:\Users\DELL\Envs\pro\Lib\site-packages\django\middleware\clickjacking.py first seen with mtime 1634140731.8809576
DEBUG File C:\Users\DELL\Envs\pro\Lib\site-packages\django\contrib\admin\migrations\0001_initial.py first seen with mtime 1634140719.7069733
DEBUG File C:\Users\DELL\Envs\pro\Lib\site-packages\django\contrib\contenttypes\migrations\0002_remove_content_type_name.py first seen with mtime 1634140725.2764506
DEBUG File C:\Users\DELL\Envs\pro\Lib\site-packages\django\contrib\auth\migrations\0010_alter_group_name_max_length.py first seen with mtime 1634140721.878803
DEBUG File C:\Users\DELL\Envs\pro\Lib\site-packages\django\contrib\sessions\exceptions.py first seen with mtime 1634140728.760341
DEBUG File C:\Users\DELL\Desktop\python\Lib\stringprep.py first seen with mtime 1630380926.0
DEBUG File C:\Users\DELL\Envs\pro\Lib\site-packages\django\contrib\auth\migrations\0003_alter_user_email_max_length.py first seen with mtime 1634140721.8605776
DEBUG File C:\Users\DELL\Envs\pro\Lib\site-packages\django\contrib\contenttypes\migrations\__init__.py first seen with mtime 1634140725.2764506
DEBUG File C:\Users\DELL\Envs\pro\Lib\site-packages\django\middleware\common.py first seen with mtime 1634140731.8830304
DEBUG File C:\Users\DELL\Envs\pro\Lib\site-packages\django\contrib\admin\migrations\0002_logentry_remove_auto_add.py first seen with mtime 1634140719.7069733
DEBUG File C:\Users\DELL\Envs\pro\Lib\site-packages\django\contrib\auth\migrations\0005_alter_user_last_login_null.py first seen with mtime 1634140721.8707256
DEBUG File C:\Users\DELL\Envs\pro\Lib\site-packages\django\db\migrations\executor.py first seen with mtime 1634140731.545539
DEBUG File C:\Users\DELL\Envs\pro\Lib\site-packages\django\db\migrations\recorder.py first seen with mtime 1634140731.598958
DEBUG File C:\Users\DELL\Envs\pro\Lib\site-packages\django\contrib\auth\migrations\0001_initial.py first seen with mtime 1634140721.8605776
DEBUG File C:\Users\DELL\Envs\pro\Lib\site-packages\django\contrib\sessions\migrations\__init__.py first seen with mtime 1634140729.3704617
